<?xml version="1.0" encoding="UTF-8"?>
<testsuite xmlns:xsi="http://www.w3.org/2001/XMLSchema-instance" xsi:noNamespaceSchemaLocation="https://maven.apache.org/surefire/maven-surefire-plugin/xsd/surefire-test-report-3.0.xsd" version="3.0" name="| Tomato |" time="141.369" tests="15" errors="0" skipped="0" failures="0">
  <properties>
[...]
</properties>
  <testcase name="Given User is on Greencart landing page" classname="| Beetroot |" time="0.002"/>
  <testcase name="When User searched for Beetroot vegitable" classname="| Beetroot |" time="0"/>
  <testcase name="Then Beetroot result are displayed" classname="| Beetroot |" time="0.001"/>
  <testcase name="And confirm the checkout item is Beetroot" classname="| Beetroot |" time="0"/>
  <testcase name="" classname="| Beetroot |" time="2.433"/>
  <testcase name="Given User is on Greencart landing page" classname="| Carrot |" time="0"/>
  <testcase name="When User searched for Carrot vegitable" classname="| Carrot |" time="0"/>
  <testcase name="Then Carrot result are displayed" classname="| Carrot |" time="0"/>
  <testcase name="And confirm the checkout item is Carrot" classname="| Carrot |" time="0"/>
  <testcase name="" classname="| Carrot |" time="2.435"/>
  <testcase name="Given User is on Greencart landing page" classname="| Tomato |" time="0"/>
  <testcase name="When User searched for Tomato vegitable" classname="| Tomato |" time="0"/>
  <testcase name="Then Tomato result are displayed" classname="| Tomato |" time="0"/>
  <testcase name="And confirm the checkout item is Tomato" classname="| Tomato |" time="0"/>
  <testcase name="" classname="| Tomato |" time="2.119"/>
</testsuite>